<?xml version="1.0" encoding="UTF-8"?>
<coverage generated="1606827497912" clover="3.2.0">
  <project timestamp="1606827497913" name="All files">
    <metrics statements="5" coveredstatements="5" conditionals="0" coveredconditionals="0" methods="3" coveredmethods="3" elements="8" coveredelements="8" complexity="0" loc="5" ncloc="5" packages="1" files="2" classes="2"/>
    <file name="HomeConnectedWithoutPot.js" path="C:\Users\victo\Desktop\Cours\BAC 3\GIT\eGrow\Components\Home\HomeConnectedWithoutPot.js">
      <metrics statements="3" coveredstatements="3" conditionals="0" coveredconditionals="0" methods="2" coveredmethods="2"/>
      <line num="10" count="2" type="stmt"/>
      <line num="70" count="1" type="stmt"/>
      <line num="81" count="1" type="stmt"/>
    </file>
    <file name="HomeNotConnected.js" path="C:\Users\victo\Desktop\Cours\BAC 3\GIT\eGrow\Components\Home\HomeNotConnected.js">
      <metrics statements="2" coveredstatements="2" conditionals="0" coveredconditionals="0" methods="1" coveredmethods="1"/>
      <line num="7" count="1" type="stmt"/>
      <line num="30" count="1" type="stmt"/>
    </file>
  </project>
</coverage>
