{"C:\\Users\\victo\\Desktop\\Cours\\BAC 3\\GIT\\eGrow\\Components\\Home\\HomeConnectedWithoutPot.js": {"path":"C:\\Users\\victo\\Desktop\\Cours\\BAC 3\\GIT\\eGrow\\Components\\Home\\HomeConnectedWithoutPot.js","statementMap":{"0":{"start":{"line":10,"column":4},"end":{"line":77,"column":6}},"1":{"start":{"line":70,"column":12},"end":{"line":70,"column":51}},"2":{"start":{"line":81,"column":15},"end":{"line":194,"column":2}}},"fnMap":{"0":{"name":"(anonymous_0)","decl":{"start":{"line":9,"column":2},"end":{"line":9,"column":3}},"loc":{"start":{"line":9,"column":11},"end":{"line":78,"column":3}},"line":9},"1":{"name":"(anonymous_1)","decl":{"start":{"line":69,"column":19},"end":{"line":69,"column":20}},"loc":{"start":{"line":69,"column":25},"end":{"line":71,"column":11}},"line":69}},"branchMap":{},"s":{"0":2,"1":1,"2":1},"f":{"0":2,"1":1},"b":{},"_coverageSchema":"1a1c01bbd47fc00a2c39e90264f33305004495a9","hash":"c0a3ba246c1e79c6ea8b6e37f9ba4b1999a82fc4"}
,"C:\\Users\\victo\\Desktop\\Cours\\BAC 3\\GIT\\eGrow\\Components\\Home\\HomeNotConnected.js": {"path":"C:\\Users\\victo\\Desktop\\Cours\\BAC 3\\GIT\\eGrow\\Components\\Home\\HomeNotConnected.js","statementMap":{"0":{"start":{"line":7,"column":4},"end":{"line":26,"column":6}},"1":{"start":{"line":30,"column":15},"end":{"line":107,"column":2}}},"fnMap":{"0":{"name":"(anonymous_0)","decl":{"start":{"line":6,"column":2},"end":{"line":6,"column":3}},"loc":{"start":{"line":6,"column":11},"end":{"line":27,"column":3}},"line":6}},"branchMap":{},"s":{"0":1,"1":1},"f":{"0":1},"b":{},"_coverageSchema":"1a1c01bbd47fc00a2c39e90264f33305004495a9","hash":"64b5c2dd677c41afba134694afd529a43504046c"}
}
