TN:
SF:Components\Home\HomeConnectedWithoutPot.js
FN:9,(anonymous_0)
FN:69,(anonymous_1)
FNF:2
FNH:2
FNDA:2,(anonymous_0)
FNDA:1,(anonymous_1)
DA:10,2
DA:70,1
DA:81,1
LF:3
LH:3
BRF:0
BRH:0
end_of_record
TN:
SF:Components\Home\HomeNotConnected.js
FN:6,(anonymous_0)
FNF:1
FNH:1
FNDA:1,(anonymous_0)
DA:7,1
DA:30,1
LF:2
LH:2
BRF:0
BRH:0
end_of_record
TN:
SF:Components\PlantList\FilterApi.js
FN:7,inputWithoutAccents
FN:11,(anonymous_1)
FNF:2
FNH:0
FNDA:0,inputWithoutAccents
FNDA:0,(anonymous_1)
DA:8,0
DA:9,0
DA:11,0
LF:3
LH:0
BRF:0
BRH:0
end_of_record
TN:
SF:GetDataFromApi\GetDataFromApi.js
FN:10,getPlantsFromApi
FN:13,(anonymous_1)
FN:14,(anonymous_2)
FN:23,getPlantsByIDFromApi
FN:26,(anonymous_4)
FN:27,(anonymous_5)
FN:36,delPotsByIDFromApi
FN:43,(anonymous_7)
FN:44,(anonymous_8)
FN:53,getDataByIDFromApi
FN:56,(anonymous_10)
FN:57,(anonymous_11)
FN:66,getPotsByUserIDFromApi
FN:70,(anonymous_13)
FN:71,(anonymous_14)
FN:80,logOut
FN:88,(anonymous_16)
FN:89,(anonymous_17)
FN:92,(anonymous_18)
FN:103,getInformationPlantsFromApi
FN:108,(anonymous_20)
FN:109,(anonymous_21)
FNF:22
FNH:8
FNDA:1,getPlantsFromApi
FNDA:1,(anonymous_1)
FNDA:0,(anonymous_2)
FNDA:1,getPlantsByIDFromApi
FNDA:1,(anonymous_4)
FNDA:0,(anonymous_5)
FNDA:0,delPotsByIDFromApi
FNDA:0,(anonymous_7)
FNDA:0,(anonymous_8)
FNDA:1,getDataByIDFromApi
FNDA:1,(anonymous_10)
FNDA:0,(anonymous_11)
FNDA:0,getPotsByUserIDFromApi
FNDA:0,(anonymous_13)
FNDA:0,(anonymous_14)
FNDA:0,logOut
FNDA:0,(anonymous_16)
FNDA:0,(anonymous_17)
FNDA:0,(anonymous_18)
FNDA:5,getInformationPlantsFromApi
FNDA:4,(anonymous_20)
FNDA:0,(anonymous_21)
DA:11,1
DA:12,1
DA:13,1
DA:14,0
DA:24,1
DA:25,1
DA:26,1
DA:27,0
DA:37,0
DA:38,0
DA:39,0
DA:42,0
DA:43,0
DA:44,0
DA:54,1
DA:55,1
DA:56,1
DA:57,0
DA:67,0
DA:68,0
DA:69,0
DA:70,0
DA:71,0
DA:81,0
DA:82,0
DA:88,0
DA:90,0
DA:93,0
DA:105,5
DA:106,5
DA:107,5
DA:108,4
DA:109,0
LF:33
LH:13
BRF:0
BRH:0
end_of_record
